config:  {'project': 'MHCCBM', 'name': 'TAPCNNRun1_kernel5_maxpool3', 'config': {'hidden_channels': [2048, 1024, 512, 256, 128, 16, 4], 'kernel_size': 5, 'pool_kernel_size': 3, 'epochs': 200, 'classes': 2, 'batch_size': 8, 'lr': 1e-05, 'dataset': 'X.pkl, y.pkl (embedded peptide seq from classification', 'dropout_p': 0.0, 'architecture': 'CNN', 'seed': 42}}
Seed:  42
tensor(0.4369)
epoch:  0
[Epoch 1, Batch 10] loss: 0.505
[Epoch 1, Batch 20] loss: 0.398
[Epoch 1, Batch 30] loss: 0.444
[Epoch 1, Batch 40] loss: 0.426
[Epoch 1, Batch 50] loss: 0.443
[Epoch 1, Batch 60] loss: 0.412
[Epoch 1, Batch 70] loss: 0.428
[Epoch 1, Batch 80] loss: 0.399
epoch:  1
[Epoch 2, Batch 10] loss: 0.466
[Epoch 2, Batch 20] loss: 0.422
[Epoch 2, Batch 30] loss: 0.435
[Epoch 2, Batch 40] loss: 0.399
[Epoch 2, Batch 50] loss: 0.444
[Epoch 2, Batch 60] loss: 0.413
[Epoch 2, Batch 70] loss: 0.382
[Epoch 2, Batch 80] loss: 0.419
epoch:  2
[Epoch 3, Batch 10] loss: 0.435
[Epoch 3, Batch 20] loss: 0.409
[Epoch 3, Batch 30] loss: 0.397
[Epoch 3, Batch 40] loss: 0.403
[Epoch 3, Batch 50] loss: 0.444
[Epoch 3, Batch 60] loss: 0.419
[Epoch 3, Batch 70] loss: 0.433
[Epoch 3, Batch 80] loss: 0.382
epoch:  3
[Epoch 4, Batch 10] loss: 0.426
[Epoch 4, Batch 20] loss: 0.366
[Epoch 4, Batch 30] loss: 0.396
[Epoch 4, Batch 40] loss: 0.437
[Epoch 4, Batch 50] loss: 0.384
[Epoch 4, Batch 60] loss: 0.389
[Epoch 4, Batch 70] loss: 0.425
[Epoch 4, Batch 80] loss: 0.450
epoch:  4
[Epoch 5, Batch 10] loss: 0.451
[Epoch 5, Batch 20] loss: 0.433
[Epoch 5, Batch 30] loss: 0.403
[Epoch 5, Batch 40] loss: 0.412
[Epoch 5, Batch 50] loss: 0.425
[Epoch 5, Batch 60] loss: 0.417
[Epoch 5, Batch 70] loss: 0.382
[Epoch 5, Batch 80] loss: 0.353
epoch:  5
[Epoch 6, Batch 10] loss: 0.349
[Epoch 6, Batch 20] loss: 0.390
[Epoch 6, Batch 30] loss: 0.433
[Epoch 6, Batch 40] loss: 0.393
[Epoch 6, Batch 50] loss: 0.399
[Epoch 6, Batch 60] loss: 0.411
[Epoch 6, Batch 70] loss: 0.407
[Epoch 6, Batch 80] loss: 0.406
epoch:  6
[Epoch 7, Batch 10] loss: 0.426
[Epoch 7, Batch 20] loss: 0.412
[Epoch 7, Batch 30] loss: 0.381
[Epoch 7, Batch 40] loss: 0.402
[Epoch 7, Batch 50] loss: 0.400
[Epoch 7, Batch 60] loss: 0.402
[Epoch 7, Batch 70] loss: 0.387
[Epoch 7, Batch 80] loss: 0.382
epoch:  7
[Epoch 8, Batch 10] loss: 0.330
[Epoch 8, Batch 20] loss: 0.343
[Epoch 8, Batch 30] loss: 0.406
[Epoch 8, Batch 40] loss: 0.385
[Epoch 8, Batch 50] loss: 0.379
[Epoch 8, Batch 60] loss: 0.390
[Epoch 8, Batch 70] loss: 0.375
[Epoch 8, Batch 80] loss: 0.378
epoch:  8
[Epoch 9, Batch 10] loss: 0.336
[Epoch 9, Batch 20] loss: 0.350
[Epoch 9, Batch 30] loss: 0.346
[Epoch 9, Batch 40] loss: 0.398
[Epoch 9, Batch 50] loss: 0.408
[Epoch 9, Batch 60] loss: 0.393
[Epoch 9, Batch 70] loss: 0.433
[Epoch 9, Batch 80] loss: 0.409
epoch:  9
[Epoch 10, Batch 10] loss: 0.381
[Epoch 10, Batch 20] loss: 0.372
[Epoch 10, Batch 30] loss: 0.364
[Epoch 10, Batch 40] loss: 0.351
[Epoch 10, Batch 50] loss: 0.365
[Epoch 10, Batch 60] loss: 0.417
[Epoch 10, Batch 70] loss: 0.395
[Epoch 10, Batch 80] loss: 0.374
epoch:  10
[Epoch 11, Batch 10] loss: 0.352
[Epoch 11, Batch 20] loss: 0.360
[Epoch 11, Batch 30] loss: 0.370
[Epoch 11, Batch 40] loss: 0.379
[Epoch 11, Batch 50] loss: 0.366
[Epoch 11, Batch 60] loss: 0.375
[Epoch 11, Batch 70] loss: 0.365
[Epoch 11, Batch 80] loss: 0.347
epoch:  11
[Epoch 12, Batch 10] loss: 0.342
[Epoch 12, Batch 20] loss: 0.341
[Epoch 12, Batch 30] loss: 0.310
[Epoch 12, Batch 40] loss: 0.399
[Epoch 12, Batch 50] loss: 0.400
[Epoch 12, Batch 60] loss: 0.429
[Epoch 12, Batch 70] loss: 0.401
[Epoch 12, Batch 80] loss: 0.419
epoch:  12
[Epoch 13, Batch 10] loss: 0.411
[Epoch 13, Batch 20] loss: 0.375
[Epoch 13, Batch 30] loss: 0.318
[Epoch 13, Batch 40] loss: 0.391
[Epoch 13, Batch 50] loss: 0.376
[Epoch 13, Batch 60] loss: 0.382
[Epoch 13, Batch 70] loss: 0.332
[Epoch 13, Batch 80] loss: 0.313
epoch:  13
[Epoch 14, Batch 10] loss: 0.334
[Epoch 14, Batch 20] loss: 0.321
[Epoch 14, Batch 30] loss: 0.341
[Epoch 14, Batch 40] loss: 0.343
[Epoch 14, Batch 50] loss: 0.365
[Epoch 14, Batch 60] loss: 0.369
[Epoch 14, Batch 70] loss: 0.316
[Epoch 14, Batch 80] loss: 0.325
epoch:  14
[Epoch 15, Batch 10] loss: 0.319
[Epoch 15, Batch 20] loss: 0.302
[Epoch 15, Batch 30] loss: 0.327
[Epoch 15, Batch 40] loss: 0.324
[Epoch 15, Batch 50] loss: 0.343
[Epoch 15, Batch 60] loss: 0.293
[Epoch 15, Batch 70] loss: 0.334
[Epoch 15, Batch 80] loss: 0.338
epoch:  15
[Epoch 16, Batch 10] loss: 0.314
[Epoch 16, Batch 20] loss: 0.313
[Epoch 16, Batch 30] loss: 0.315
[Epoch 16, Batch 40] loss: 0.312
[Epoch 16, Batch 50] loss: 0.296
[Epoch 16, Batch 60] loss: 0.326
[Epoch 16, Batch 70] loss: 0.310
[Epoch 16, Batch 80] loss: 0.338
epoch:  16
[Epoch 17, Batch 10] loss: 0.307
[Epoch 17, Batch 20] loss: 0.316
[Epoch 17, Batch 30] loss: 0.285
[Epoch 17, Batch 40] loss: 0.315
[Epoch 17, Batch 50] loss: 0.286
[Epoch 17, Batch 60] loss: 0.350
[Epoch 17, Batch 70] loss: 0.320
[Epoch 17, Batch 80] loss: 0.304
epoch:  17
[Epoch 18, Batch 10] loss: 0.317
[Epoch 18, Batch 20] loss: 0.282
[Epoch 18, Batch 30] loss: 0.310
[Epoch 18, Batch 40] loss: 0.326
[Epoch 18, Batch 50] loss: 0.316
[Epoch 18, Batch 60] loss: 0.278
[Epoch 18, Batch 70] loss: 0.317
[Epoch 18, Batch 80] loss: 0.307
epoch:  18
[Epoch 19, Batch 10] loss: 0.288
[Epoch 19, Batch 20] loss: 0.309
[Epoch 19, Batch 30] loss: 0.291
[Epoch 19, Batch 40] loss: 0.304
[Epoch 19, Batch 50] loss: 0.289
[Epoch 19, Batch 60] loss: 0.295
[Epoch 19, Batch 70] loss: 0.315
[Epoch 19, Batch 80] loss: 0.319
epoch:  19
[Epoch 20, Batch 10] loss: 0.264
[Epoch 20, Batch 20] loss: 0.284
[Epoch 20, Batch 30] loss: 0.248
[Epoch 20, Batch 40] loss: 0.288
[Epoch 20, Batch 50] loss: 0.306
[Epoch 20, Batch 60] loss: 0.306
[Epoch 20, Batch 70] loss: 0.286
[Epoch 20, Batch 80] loss: 0.300
epoch:  20
[Epoch 21, Batch 10] loss: 0.258
[Epoch 21, Batch 20] loss: 0.256
[Epoch 21, Batch 30] loss: 0.338
[Epoch 21, Batch 40] loss: 0.243
[Epoch 21, Batch 50] loss: 0.292
[Epoch 21, Batch 60] loss: 0.292
[Epoch 21, Batch 70] loss: 0.251
[Epoch 21, Batch 80] loss: 0.306
epoch:  21
[Epoch 22, Batch 10] loss: 0.288
[Epoch 22, Batch 20] loss: 0.296
[Epoch 22, Batch 30] loss: 0.244
[Epoch 22, Batch 40] loss: 0.236
[Epoch 22, Batch 50] loss: 0.308
[Epoch 22, Batch 60] loss: 0.273
[Epoch 22, Batch 70] loss: 0.265
[Epoch 22, Batch 80] loss: 0.230
epoch:  22
[Epoch 23, Batch 10] loss: 0.285
[Epoch 23, Batch 20] loss: 0.270
[Epoch 23, Batch 30] loss: 0.251
[Epoch 23, Batch 40] loss: 0.270
[Epoch 23, Batch 50] loss: 0.256
[Epoch 23, Batch 60] loss: 0.263
[Epoch 23, Batch 70] loss: 0.258
[Epoch 23, Batch 80] loss: 0.281
epoch:  23
[Epoch 24, Batch 10] loss: 0.293
[Epoch 24, Batch 20] loss: 0.269
[Epoch 24, Batch 30] loss: 0.239
[Epoch 24, Batch 40] loss: 0.293
[Epoch 24, Batch 50] loss: 0.224
[Epoch 24, Batch 60] loss: 0.254
[Epoch 24, Batch 70] loss: 0.273
[Epoch 24, Batch 80] loss: 0.251
epoch:  24
[Epoch 25, Batch 10] loss: 0.234
[Epoch 25, Batch 20] loss: 0.249
[Epoch 25, Batch 30] loss: 0.274
[Epoch 25, Batch 40] loss: 0.264
[Epoch 25, Batch 50] loss: 0.240
[Epoch 25, Batch 60] loss: 0.295
[Epoch 25, Batch 70] loss: 0.246
[Epoch 25, Batch 80] loss: 0.284
epoch:  25
[Epoch 26, Batch 10] loss: 0.232
[Epoch 26, Batch 20] loss: 0.220
[Epoch 26, Batch 30] loss: 0.281
[Epoch 26, Batch 40] loss: 0.299
[Epoch 26, Batch 50] loss: 0.237
[Epoch 26, Batch 60] loss: 0.240
[Epoch 26, Batch 70] loss: 0.250
[Epoch 26, Batch 80] loss: 0.298
epoch:  26
[Epoch 27, Batch 10] loss: 0.254
[Epoch 27, Batch 20] loss: 0.255
[Epoch 27, Batch 30] loss: 0.289
[Epoch 27, Batch 40] loss: 0.234
[Epoch 27, Batch 50] loss: 0.258
[Epoch 27, Batch 60] loss: 0.290
[Epoch 27, Batch 70] loss: 0.241
[Epoch 27, Batch 80] loss: 0.238
epoch:  27
[Epoch 28, Batch 10] loss: 0.229
[Epoch 28, Batch 20] loss: 0.257
[Epoch 28, Batch 30] loss: 0.233
[Epoch 28, Batch 40] loss: 0.225
[Epoch 28, Batch 50] loss: 0.267
[Epoch 28, Batch 60] loss: 0.271
[Epoch 28, Batch 70] loss: 0.278
[Epoch 28, Batch 80] loss: 0.234
epoch:  28
[Epoch 29, Batch 10] loss: 0.236
[Epoch 29, Batch 20] loss: 0.278
[Epoch 29, Batch 30] loss: 0.225
[Epoch 29, Batch 40] loss: 0.253
[Epoch 29, Batch 50] loss: 0.227
[Epoch 29, Batch 60] loss: 0.187
[Epoch 29, Batch 70] loss: 0.221
[Epoch 29, Batch 80] loss: 0.312
epoch:  29
[Epoch 30, Batch 10] loss: 0.269
[Epoch 30, Batch 20] loss: 0.256
[Epoch 30, Batch 30] loss: 0.244
[Epoch 30, Batch 40] loss: 0.204
[Epoch 30, Batch 50] loss: 0.200
[Epoch 30, Batch 60] loss: 0.268
[Epoch 30, Batch 70] loss: 0.242
[Epoch 30, Batch 80] loss: 0.204
epoch:  30
[Epoch 31, Batch 10] loss: 0.241
[Epoch 31, Batch 20] loss: 0.219
[Epoch 31, Batch 30] loss: 0.197
[Epoch 31, Batch 40] loss: 0.221
[Epoch 31, Batch 50] loss: 0.314
[Epoch 31, Batch 60] loss: 0.242
[Epoch 31, Batch 70] loss: 0.246
[Epoch 31, Batch 80] loss: 0.217
epoch:  31
[Epoch 32, Batch 10] loss: 0.240
[Epoch 32, Batch 20] loss: 0.230
[Epoch 32, Batch 30] loss: 0.209
[Epoch 32, Batch 40] loss: 0.230
[Epoch 32, Batch 50] loss: 0.205
[Epoch 32, Batch 60] loss: 0.201
[Epoch 32, Batch 70] loss: 0.222
[Epoch 32, Batch 80] loss: 0.257
epoch:  32
[Epoch 33, Batch 10] loss: 0.233
[Epoch 33, Batch 20] loss: 0.185
[Epoch 33, Batch 30] loss: 0.260
[Epoch 33, Batch 40] loss: 0.189
[Epoch 33, Batch 50] loss: 0.255
[Epoch 33, Batch 60] loss: 0.229
[Epoch 33, Batch 70] loss: 0.225
[Epoch 33, Batch 80] loss: 0.252
epoch:  33
[Epoch 34, Batch 10] loss: 0.245
[Epoch 34, Batch 20] loss: 0.177
[Epoch 34, Batch 30] loss: 0.208
[Epoch 34, Batch 40] loss: 0.203
[Epoch 34, Batch 50] loss: 0.256
[Epoch 34, Batch 60] loss: 0.221
[Epoch 34, Batch 70] loss: 0.209
[Epoch 34, Batch 80] loss: 0.218
epoch:  34
[Epoch 35, Batch 10] loss: 0.229
[Epoch 35, Batch 20] loss: 0.190
[Epoch 35, Batch 30] loss: 0.198
[Epoch 35, Batch 40] loss: 0.222
[Epoch 35, Batch 50] loss: 0.249
[Epoch 35, Batch 60] loss: 0.212
[Epoch 35, Batch 70] loss: 0.194
[Epoch 35, Batch 80] loss: 0.248
epoch:  35
[Epoch 36, Batch 10] loss: 0.211
[Epoch 36, Batch 20] loss: 0.206
[Epoch 36, Batch 30] loss: 0.223
[Epoch 36, Batch 40] loss: 0.249
[Epoch 36, Batch 50] loss: 0.218
[Epoch 36, Batch 60] loss: 0.199
[Epoch 36, Batch 70] loss: 0.221
[Epoch 36, Batch 80] loss: 0.193
epoch:  36
[Epoch 37, Batch 10] loss: 0.186
[Epoch 37, Batch 20] loss: 0.189
[Epoch 37, Batch 30] loss: 0.178
[Epoch 37, Batch 40] loss: 0.196
[Epoch 37, Batch 50] loss: 0.192
[Epoch 37, Batch 60] loss: 0.249
[Epoch 37, Batch 70] loss: 0.262
[Epoch 37, Batch 80] loss: 0.227
epoch:  37
[Epoch 38, Batch 10] loss: 0.206
[Epoch 38, Batch 20] loss: 0.217
[Epoch 38, Batch 30] loss: 0.186
[Epoch 38, Batch 40] loss: 0.202
[Epoch 38, Batch 50] loss: 0.194
[Epoch 38, Batch 60] loss: 0.190
[Epoch 38, Batch 70] loss: 0.234
[Epoch 38, Batch 80] loss: 0.224
epoch:  38
[Epoch 39, Batch 10] loss: 0.208
[Epoch 39, Batch 20] loss: 0.226
[Epoch 39, Batch 30] loss: 0.230
[Epoch 39, Batch 40] loss: 0.143
[Epoch 39, Batch 50] loss: 0.191
[Epoch 39, Batch 60] loss: 0.166
[Epoch 39, Batch 70] loss: 0.254
[Epoch 39, Batch 80] loss: 0.213
epoch:  39
[Epoch 40, Batch 10] loss: 0.159
[Epoch 40, Batch 20] loss: 0.232
[Epoch 40, Batch 30] loss: 0.201
[Epoch 40, Batch 40] loss: 0.226
[Epoch 40, Batch 50] loss: 0.197
[Epoch 40, Batch 60] loss: 0.202
[Epoch 40, Batch 70] loss: 0.203
[Epoch 40, Batch 80] loss: 0.192
epoch:  40
[Epoch 41, Batch 10] loss: 0.199
[Epoch 41, Batch 20] loss: 0.156
[Epoch 41, Batch 30] loss: 0.191
[Epoch 41, Batch 40] loss: 0.200
[Epoch 41, Batch 50] loss: 0.199
[Epoch 41, Batch 60] loss: 0.213
[Epoch 41, Batch 70] loss: 0.199
[Epoch 41, Batch 80] loss: 0.181
epoch:  41
[Epoch 42, Batch 10] loss: 0.195
[Epoch 42, Batch 20] loss: 0.206
[Epoch 42, Batch 30] loss: 0.200
[Epoch 42, Batch 40] loss: 0.170
[Epoch 42, Batch 50] loss: 0.182
[Epoch 42, Batch 60] loss: 0.187
[Epoch 42, Batch 70] loss: 0.216
[Epoch 42, Batch 80] loss: 0.182
epoch:  42
[Epoch 43, Batch 10] loss: 0.194
[Epoch 43, Batch 20] loss: 0.194
[Epoch 43, Batch 30] loss: 0.135
[Epoch 43, Batch 40] loss: 0.210
[Epoch 43, Batch 50] loss: 0.184
[Epoch 43, Batch 60] loss: 0.212
[Epoch 43, Batch 70] loss: 0.184
[Epoch 43, Batch 80] loss: 0.223
epoch:  43
[Epoch 44, Batch 10] loss: 0.206
[Epoch 44, Batch 20] loss: 0.210
[Epoch 44, Batch 30] loss: 0.189
[Epoch 44, Batch 40] loss: 0.181
[Epoch 44, Batch 50] loss: 0.195
[Epoch 44, Batch 60] loss: 0.195
[Epoch 44, Batch 70] loss: 0.170
[Epoch 44, Batch 80] loss: 0.172
epoch:  44
[Epoch 45, Batch 10] loss: 0.193
[Epoch 45, Batch 20] loss: 0.165
[Epoch 45, Batch 30] loss: 0.186
[Epoch 45, Batch 40] loss: 0.195
[Epoch 45, Batch 50] loss: 0.193
[Epoch 45, Batch 60] loss: 0.179
[Epoch 45, Batch 70] loss: 0.197
[Epoch 45, Batch 80] loss: 0.167
epoch:  45
[Epoch 46, Batch 10] loss: 0.148
[Epoch 46, Batch 20] loss: 0.145
[Epoch 46, Batch 30] loss: 0.179
[Epoch 46, Batch 40] loss: 0.234
[Epoch 46, Batch 50] loss: 0.230
[Epoch 46, Batch 60] loss: 0.169
[Epoch 46, Batch 70] loss: 0.179
[Epoch 46, Batch 80] loss: 0.174
epoch:  46
[Epoch 47, Batch 10] loss: 0.137
[Epoch 47, Batch 20] loss: 0.154
[Epoch 47, Batch 30] loss: 0.174
[Epoch 47, Batch 40] loss: 0.191
[Epoch 47, Batch 50] loss: 0.215
[Epoch 47, Batch 60] loss: 0.190
[Epoch 47, Batch 70] loss: 0.221
[Epoch 47, Batch 80] loss: 0.175
epoch:  47
[Epoch 48, Batch 10] loss: 0.178
[Epoch 48, Batch 20] loss: 0.171
[Epoch 48, Batch 30] loss: 0.190
[Epoch 48, Batch 40] loss: 0.164
[Epoch 48, Batch 50] loss: 0.194
[Epoch 48, Batch 60] loss: 0.158
[Epoch 48, Batch 70] loss: 0.192
[Epoch 48, Batch 80] loss: 0.185
epoch:  48
[Epoch 49, Batch 10] loss: 0.168
[Epoch 49, Batch 20] loss: 0.170
[Epoch 49, Batch 30] loss: 0.161
[Epoch 49, Batch 40] loss: 0.174
[Epoch 49, Batch 50] loss: 0.166
[Epoch 49, Batch 60] loss: 0.205
[Epoch 49, Batch 70] loss: 0.163
[Epoch 49, Batch 80] loss: 0.164
epoch:  49
[Epoch 50, Batch 10] loss: 0.170
[Epoch 50, Batch 20] loss: 0.141
[Epoch 50, Batch 30] loss: 0.206
[Epoch 50, Batch 40] loss: 0.186
[Epoch 50, Batch 50] loss: 0.171
[Epoch 50, Batch 60] loss: 0.175
[Epoch 50, Batch 70] loss: 0.159
[Epoch 50, Batch 80] loss: 0.158
epoch:  50
[Epoch 51, Batch 10] loss: 0.182
[Epoch 51, Batch 20] loss: 0.175
[Epoch 51, Batch 30] loss: 0.141
[Epoch 51, Batch 40] loss: 0.147
[Epoch 51, Batch 50] loss: 0.171
[Epoch 51, Batch 60] loss: 0.188
[Epoch 51, Batch 70] loss: 0.145
[Epoch 51, Batch 80] loss: 0.194
epoch:  51
[Epoch 52, Batch 10] loss: 0.119
[Epoch 52, Batch 20] loss: 0.159
[Epoch 52, Batch 30] loss: 0.161
[Epoch 52, Batch 40] loss: 0.176
[Epoch 52, Batch 50] loss: 0.167
[Epoch 52, Batch 60] loss: 0.161
[Epoch 52, Batch 70] loss: 0.171
[Epoch 52, Batch 80] loss: 0.181
epoch:  52
[Epoch 53, Batch 10] loss: 0.165
[Epoch 53, Batch 20] loss: 0.202
[Epoch 53, Batch 30] loss: 0.184
[Epoch 53, Batch 40] loss: 0.145
[Epoch 53, Batch 50] loss: 0.143
[Epoch 53, Batch 60] loss: 0.164
[Epoch 53, Batch 70] loss: 0.135
[Epoch 53, Batch 80] loss: 0.177
epoch:  53
[Epoch 54, Batch 10] loss: 0.164
[Epoch 54, Batch 20] loss: 0.158
[Epoch 54, Batch 30] loss: 0.161
[Epoch 54, Batch 40] loss: 0.130
[Epoch 54, Batch 50] loss: 0.140
[Epoch 54, Batch 60] loss: 0.148
[Epoch 54, Batch 70] loss: 0.158
[Epoch 54, Batch 80] loss: 0.183
epoch:  54
[Epoch 55, Batch 10] loss: 0.167
[Epoch 55, Batch 20] loss: 0.139
[Epoch 55, Batch 30] loss: 0.153
[Epoch 55, Batch 40] loss: 0.153
[Epoch 55, Batch 50] loss: 0.148
[Epoch 55, Batch 60] loss: 0.160
[Epoch 55, Batch 70] loss: 0.184
[Epoch 55, Batch 80] loss: 0.145
epoch:  55
[Epoch 56, Batch 10] loss: 0.117
[Epoch 56, Batch 20] loss: 0.175
[Epoch 56, Batch 30] loss: 0.150
[Epoch 56, Batch 40] loss: 0.173
[Epoch 56, Batch 50] loss: 0.158
[Epoch 56, Batch 60] loss: 0.151
[Epoch 56, Batch 70] loss: 0.136
[Epoch 56, Batch 80] loss: 0.157
epoch:  56
[Epoch 57, Batch 10] loss: 0.169
[Epoch 57, Batch 20] loss: 0.174
[Epoch 57, Batch 30] loss: 0.142
[Epoch 57, Batch 40] loss: 0.140
[Epoch 57, Batch 50] loss: 0.136
[Epoch 57, Batch 60] loss: 0.158
[Epoch 57, Batch 70] loss: 0.127
[Epoch 57, Batch 80] loss: 0.149
epoch:  57
[Epoch 58, Batch 10] loss: 0.142
[Epoch 58, Batch 20] loss: 0.172
[Epoch 58, Batch 30] loss: 0.179
[Epoch 58, Batch 40] loss: 0.127
[Epoch 58, Batch 50] loss: 0.138
[Epoch 58, Batch 60] loss: 0.120
[Epoch 58, Batch 70] loss: 0.154
[Epoch 58, Batch 80] loss: 0.149
epoch:  58
[Epoch 59, Batch 10] loss: 0.142
[Epoch 59, Batch 20] loss: 0.127
[Epoch 59, Batch 30] loss: 0.152
[Epoch 59, Batch 40] loss: 0.127
[Epoch 59, Batch 50] loss: 0.146
[Epoch 59, Batch 60] loss: 0.137
[Epoch 59, Batch 70] loss: 0.128
[Epoch 59, Batch 80] loss: 0.174
epoch:  59
[Epoch 60, Batch 10] loss: 0.146
[Epoch 60, Batch 20] loss: 0.135
[Epoch 60, Batch 30] loss: 0.149
[Epoch 60, Batch 40] loss: 0.157
[Epoch 60, Batch 50] loss: 0.154
[Epoch 60, Batch 60] loss: 0.131
[Epoch 60, Batch 70] loss: 0.132
[Epoch 60, Batch 80] loss: 0.126
epoch:  60
[Epoch 61, Batch 10] loss: 0.164
[Epoch 61, Batch 20] loss: 0.107
[Epoch 61, Batch 30] loss: 0.153
[Epoch 61, Batch 40] loss: 0.118
[Epoch 61, Batch 50] loss: 0.115
[Epoch 61, Batch 60] loss: 0.132
[Epoch 61, Batch 70] loss: 0.139
[Epoch 61, Batch 80] loss: 0.156
epoch:  61
[Epoch 62, Batch 10] loss: 0.127
[Epoch 62, Batch 20] loss: 0.118
[Epoch 62, Batch 30] loss: 0.126
[Epoch 62, Batch 40] loss: 0.135
[Epoch 62, Batch 50] loss: 0.150
[Epoch 62, Batch 60] loss: 0.146
[Epoch 62, Batch 70] loss: 0.133
[Epoch 62, Batch 80] loss: 0.154
epoch:  62
[Epoch 63, Batch 10] loss: 0.140
[Epoch 63, Batch 20] loss: 0.117
[Epoch 63, Batch 30] loss: 0.132
[Epoch 63, Batch 40] loss: 0.136
[Epoch 63, Batch 50] loss: 0.118
[Epoch 63, Batch 60] loss: 0.139
[Epoch 63, Batch 70] loss: 0.110
[Epoch 63, Batch 80] loss: 0.163
epoch:  63
[Epoch 64, Batch 10] loss: 0.124
[Epoch 64, Batch 20] loss: 0.124
[Epoch 64, Batch 30] loss: 0.131
[Epoch 64, Batch 40] loss: 0.142
[Epoch 64, Batch 50] loss: 0.120
[Epoch 64, Batch 60] loss: 0.174
[Epoch 64, Batch 70] loss: 0.113
[Epoch 64, Batch 80] loss: 0.124
epoch:  64
[Epoch 65, Batch 10] loss: 0.130
[Epoch 65, Batch 20] loss: 0.126
[Epoch 65, Batch 30] loss: 0.124
[Epoch 65, Batch 40] loss: 0.121
[Epoch 65, Batch 50] loss: 0.107
[Epoch 65, Batch 60] loss: 0.121
[Epoch 65, Batch 70] loss: 0.152
[Epoch 65, Batch 80] loss: 0.116
epoch:  65
[Epoch 66, Batch 10] loss: 0.104
[Epoch 66, Batch 20] loss: 0.121
[Epoch 66, Batch 30] loss: 0.105
[Epoch 66, Batch 40] loss: 0.140
[Epoch 66, Batch 50] loss: 0.159
[Epoch 66, Batch 60] loss: 0.130
[Epoch 66, Batch 70] loss: 0.119
[Epoch 66, Batch 80] loss: 0.124
epoch:  66
[Epoch 67, Batch 10] loss: 0.119
[Epoch 67, Batch 20] loss: 0.140
[Epoch 67, Batch 30] loss: 0.120
[Epoch 67, Batch 40] loss: 0.117
[Epoch 67, Batch 50] loss: 0.144
[Epoch 67, Batch 60] loss: 0.107
[Epoch 67, Batch 70] loss: 0.110
[Epoch 67, Batch 80] loss: 0.122
epoch:  67
[Epoch 68, Batch 10] loss: 0.121
[Epoch 68, Batch 20] loss: 0.098
[Epoch 68, Batch 30] loss: 0.127
[Epoch 68, Batch 40] loss: 0.145
[Epoch 68, Batch 50] loss: 0.105
[Epoch 68, Batch 60] loss: 0.127
[Epoch 68, Batch 70] loss: 0.122
[Epoch 68, Batch 80] loss: 0.117
epoch:  68
[Epoch 69, Batch 10] loss: 0.105
[Epoch 69, Batch 20] loss: 0.120
[Epoch 69, Batch 30] loss: 0.101
[Epoch 69, Batch 40] loss: 0.146
[Epoch 69, Batch 50] loss: 0.105
[Epoch 69, Batch 60] loss: 0.139
[Epoch 69, Batch 70] loss: 0.123
[Epoch 69, Batch 80] loss: 0.103
epoch:  69
[Epoch 70, Batch 10] loss: 0.112
[Epoch 70, Batch 20] loss: 0.125
[Epoch 70, Batch 30] loss: 0.114
[Epoch 70, Batch 40] loss: 0.109
[Epoch 70, Batch 50] loss: 0.106
[Epoch 70, Batch 60] loss: 0.118
[Epoch 70, Batch 70] loss: 0.122
[Epoch 70, Batch 80] loss: 0.119
epoch:  70
[Epoch 71, Batch 10] loss: 0.133
[Epoch 71, Batch 20] loss: 0.100
[Epoch 71, Batch 30] loss: 0.092
[Epoch 71, Batch 40] loss: 0.102
[Epoch 71, Batch 50] loss: 0.095
[Epoch 71, Batch 60] loss: 0.117
[Epoch 71, Batch 70] loss: 0.122
[Epoch 71, Batch 80] loss: 0.130
epoch:  71
[Epoch 72, Batch 10] loss: 0.104
[Epoch 72, Batch 20] loss: 0.098
[Epoch 72, Batch 30] loss: 0.102
[Epoch 72, Batch 40] loss: 0.115
[Epoch 72, Batch 50] loss: 0.104
[Epoch 72, Batch 60] loss: 0.100
[Epoch 72, Batch 70] loss: 0.116
[Epoch 72, Batch 80] loss: 0.128
epoch:  72
[Epoch 73, Batch 10] loss: 0.122
[Epoch 73, Batch 20] loss: 0.107
[Epoch 73, Batch 30] loss: 0.085
[Epoch 73, Batch 40] loss: 0.100
[Epoch 73, Batch 50] loss: 0.108
[Epoch 73, Batch 60] loss: 0.105
[Epoch 73, Batch 70] loss: 0.117
[Epoch 73, Batch 80] loss: 0.102
epoch:  73
[Epoch 74, Batch 10] loss: 0.096
[Epoch 74, Batch 20] loss: 0.097
[Epoch 74, Batch 30] loss: 0.120
[Epoch 74, Batch 40] loss: 0.108
[Epoch 74, Batch 50] loss: 0.116
[Epoch 74, Batch 60] loss: 0.095
[Epoch 74, Batch 70] loss: 0.092
[Epoch 74, Batch 80] loss: 0.112
epoch:  74
[Epoch 75, Batch 10] loss: 0.102
[Epoch 75, Batch 20] loss: 0.110
[Epoch 75, Batch 30] loss: 0.098
[Epoch 75, Batch 40] loss: 0.095
[Epoch 75, Batch 50] loss: 0.110
[Epoch 75, Batch 60] loss: 0.109
[Epoch 75, Batch 70] loss: 0.092
[Epoch 75, Batch 80] loss: 0.102
epoch:  75
[Epoch 76, Batch 10] loss: 0.092
[Epoch 76, Batch 20] loss: 0.090
[Epoch 76, Batch 30] loss: 0.084
[Epoch 76, Batch 40] loss: 0.096
[Epoch 76, Batch 50] loss: 0.088
[Epoch 76, Batch 60] loss: 0.093
[Epoch 76, Batch 70] loss: 0.100
[Epoch 76, Batch 80] loss: 0.149
epoch:  76
[Epoch 77, Batch 10] loss: 0.101
[Epoch 77, Batch 20] loss: 0.090
[Epoch 77, Batch 30] loss: 0.091
[Epoch 77, Batch 40] loss: 0.107
[Epoch 77, Batch 50] loss: 0.100
[Epoch 77, Batch 60] loss: 0.107
[Epoch 77, Batch 70] loss: 0.094
[Epoch 77, Batch 80] loss: 0.089
epoch:  77
[Epoch 78, Batch 10] loss: 0.079
[Epoch 78, Batch 20] loss: 0.079
[Epoch 78, Batch 30] loss: 0.090
[Epoch 78, Batch 40] loss: 0.088
[Epoch 78, Batch 50] loss: 0.084
[Epoch 78, Batch 60] loss: 0.127
[Epoch 78, Batch 70] loss: 0.103
[Epoch 78, Batch 80] loss: 0.098
epoch:  78
[Epoch 79, Batch 10] loss: 0.084
[Epoch 79, Batch 20] loss: 0.091
[Epoch 79, Batch 30] loss: 0.108
[Epoch 79, Batch 40] loss: 0.099
[Epoch 79, Batch 50] loss: 0.108
[Epoch 79, Batch 60] loss: 0.083
[Epoch 79, Batch 70] loss: 0.090
[Epoch 79, Batch 80] loss: 0.073
epoch:  79
[Epoch 80, Batch 10] loss: 0.068
[Epoch 80, Batch 20] loss: 0.109
[Epoch 80, Batch 30] loss: 0.099
[Epoch 80, Batch 40] loss: 0.094
[Epoch 80, Batch 50] loss: 0.093
[Epoch 80, Batch 60] loss: 0.081
[Epoch 80, Batch 70] loss: 0.077
[Epoch 80, Batch 80] loss: 0.098
epoch:  80
[Epoch 81, Batch 10] loss: 0.086
[Epoch 81, Batch 20] loss: 0.093
[Epoch 81, Batch 30] loss: 0.071
[Epoch 81, Batch 40] loss: 0.101
[Epoch 81, Batch 50] loss: 0.096
[Epoch 81, Batch 60] loss: 0.083
[Epoch 81, Batch 70] loss: 0.097
[Epoch 81, Batch 80] loss: 0.083
epoch:  81
[Epoch 82, Batch 10] loss: 0.093
[Epoch 82, Batch 20] loss: 0.096
[Epoch 82, Batch 30] loss: 0.075
[Epoch 82, Batch 40] loss: 0.076
[Epoch 82, Batch 50] loss: 0.088
[Epoch 82, Batch 60] loss: 0.085
[Epoch 82, Batch 70] loss: 0.079
[Epoch 82, Batch 80] loss: 0.084
epoch:  82
[Epoch 83, Batch 10] loss: 0.084
[Epoch 83, Batch 20] loss: 0.082
[Epoch 83, Batch 30] loss: 0.079
[Epoch 83, Batch 40] loss: 0.085
[Epoch 83, Batch 50] loss: 0.082
[Epoch 83, Batch 60] loss: 0.077
[Epoch 83, Batch 70] loss: 0.076
[Epoch 83, Batch 80] loss: 0.080
epoch:  83
[Epoch 84, Batch 10] loss: 0.084
[Epoch 84, Batch 20] loss: 0.094
[Epoch 84, Batch 30] loss: 0.075
[Epoch 84, Batch 40] loss: 0.078
[Epoch 84, Batch 50] loss: 0.071
[Epoch 84, Batch 60] loss: 0.070
[Epoch 84, Batch 70] loss: 0.106
[Epoch 84, Batch 80] loss: 0.083
epoch:  84
[Epoch 85, Batch 10] loss: 0.077
[Epoch 85, Batch 20] loss: 0.080
[Epoch 85, Batch 30] loss: 0.077
[Epoch 85, Batch 40] loss: 0.091
[Epoch 85, Batch 50] loss: 0.079
[Epoch 85, Batch 60] loss: 0.058
[Epoch 85, Batch 70] loss: 0.079
[Epoch 85, Batch 80] loss: 0.071
epoch:  85
[Epoch 86, Batch 10] loss: 0.064
[Epoch 86, Batch 20] loss: 0.066
[Epoch 86, Batch 30] loss: 0.072
[Epoch 86, Batch 40] loss: 0.087
[Epoch 86, Batch 50] loss: 0.080
[Epoch 86, Batch 60] loss: 0.067
[Epoch 86, Batch 70] loss: 0.077
[Epoch 86, Batch 80] loss: 0.089
epoch:  86
[Epoch 87, Batch 10] loss: 0.075
[Epoch 87, Batch 20] loss: 0.080
[Epoch 87, Batch 30] loss: 0.065
[Epoch 87, Batch 40] loss: 0.065
[Epoch 87, Batch 50] loss: 0.070
[Epoch 87, Batch 60] loss: 0.082
[Epoch 87, Batch 70] loss: 0.075
[Epoch 87, Batch 80] loss: 0.076
epoch:  87
[Epoch 88, Batch 10] loss: 0.064
[Epoch 88, Batch 20] loss: 0.061
[Epoch 88, Batch 30] loss: 0.078
[Epoch 88, Batch 40] loss: 0.063
[Epoch 88, Batch 50] loss: 0.079
[Epoch 88, Batch 60] loss: 0.070
[Epoch 88, Batch 70] loss: 0.076
[Epoch 88, Batch 80] loss: 0.076
epoch:  88
[Epoch 89, Batch 10] loss: 0.070
[Epoch 89, Batch 20] loss: 0.073
[Epoch 89, Batch 30] loss: 0.067
[Epoch 89, Batch 40] loss: 0.070
[Epoch 89, Batch 50] loss: 0.050
[Epoch 89, Batch 60] loss: 0.064
[Epoch 89, Batch 70] loss: 0.081
[Epoch 89, Batch 80] loss: 0.067
epoch:  89
[Epoch 90, Batch 10] loss: 0.071
[Epoch 90, Batch 20] loss: 0.069
[Epoch 90, Batch 30] loss: 0.062
[Epoch 90, Batch 40] loss: 0.070
[Epoch 90, Batch 50] loss: 0.087
[Epoch 90, Batch 60] loss: 0.069
[Epoch 90, Batch 70] loss: 0.054
[Epoch 90, Batch 80] loss: 0.068
epoch:  90
[Epoch 91, Batch 10] loss: 0.056
[Epoch 91, Batch 20] loss: 0.074
[Epoch 91, Batch 30] loss: 0.052
[Epoch 91, Batch 40] loss: 0.073
[Epoch 91, Batch 50] loss: 0.076
[Epoch 91, Batch 60] loss: 0.070
[Epoch 91, Batch 70] loss: 0.063
[Epoch 91, Batch 80] loss: 0.055
epoch:  91
[Epoch 92, Batch 10] loss: 0.055
[Epoch 92, Batch 20] loss: 0.067
[Epoch 92, Batch 30] loss: 0.070
[Epoch 92, Batch 40] loss: 0.075
[Epoch 92, Batch 50] loss: 0.072
[Epoch 92, Batch 60] loss: 0.058
[Epoch 92, Batch 70] loss: 0.054
[Epoch 92, Batch 80] loss: 0.064
epoch:  92
[Epoch 93, Batch 10] loss: 0.074
[Epoch 93, Batch 20] loss: 0.061
[Epoch 93, Batch 30] loss: 0.059
[Epoch 93, Batch 40] loss: 0.066
[Epoch 93, Batch 50] loss: 0.057
[Epoch 93, Batch 60] loss: 0.058
[Epoch 93, Batch 70] loss: 0.071
[Epoch 93, Batch 80] loss: 0.051
epoch:  93
[Epoch 94, Batch 10] loss: 0.057
[Epoch 94, Batch 20] loss: 0.055
[Epoch 94, Batch 30] loss: 0.074
[Epoch 94, Batch 40] loss: 0.056
[Epoch 94, Batch 50] loss: 0.066
[Epoch 94, Batch 60] loss: 0.059
[Epoch 94, Batch 70] loss: 0.054
[Epoch 94, Batch 80] loss: 0.054
epoch:  94
[Epoch 95, Batch 10] loss: 0.058
[Epoch 95, Batch 20] loss: 0.046
[Epoch 95, Batch 30] loss: 0.057
[Epoch 95, Batch 40] loss: 0.075
[Epoch 95, Batch 50] loss: 0.062
[Epoch 95, Batch 60] loss: 0.055
[Epoch 95, Batch 70] loss: 0.061
[Epoch 95, Batch 80] loss: 0.059
epoch:  95
[Epoch 96, Batch 10] loss: 0.057
[Epoch 96, Batch 20] loss: 0.053
[Epoch 96, Batch 30] loss: 0.056
[Epoch 96, Batch 40] loss: 0.050
[Epoch 96, Batch 50] loss: 0.058
[Epoch 96, Batch 60] loss: 0.064
[Epoch 96, Batch 70] loss: 0.054
[Epoch 96, Batch 80] loss: 0.052
epoch:  96
[Epoch 97, Batch 10] loss: 0.052
[Epoch 97, Batch 20] loss: 0.059
[Epoch 97, Batch 30] loss: 0.052
[Epoch 97, Batch 40] loss: 0.049
[Epoch 97, Batch 50] loss: 0.045
[Epoch 97, Batch 60] loss: 0.064
[Epoch 97, Batch 70] loss: 0.066
[Epoch 97, Batch 80] loss: 0.048
epoch:  97
[Epoch 98, Batch 10] loss: 0.057
[Epoch 98, Batch 20] loss: 0.056
[Epoch 98, Batch 30] loss: 0.049
[Epoch 98, Batch 40] loss: 0.041
[Epoch 98, Batch 50] loss: 0.051
[Epoch 98, Batch 60] loss: 0.059
[Epoch 98, Batch 70] loss: 0.054
[Epoch 98, Batch 80] loss: 0.065
epoch:  98
[Epoch 99, Batch 10] loss: 0.056
[Epoch 99, Batch 20] loss: 0.047
[Epoch 99, Batch 30] loss: 0.048
[Epoch 99, Batch 40] loss: 0.049
[Epoch 99, Batch 50] loss: 0.048
[Epoch 99, Batch 60] loss: 0.054
[Epoch 99, Batch 70] loss: 0.048
[Epoch 99, Batch 80] loss: 0.054
epoch:  99
[Epoch 100, Batch 10] loss: 0.045
[Epoch 100, Batch 20] loss: 0.053
[Epoch 100, Batch 30] loss: 0.054
[Epoch 100, Batch 40] loss: 0.040
[Epoch 100, Batch 50] loss: 0.047
[Epoch 100, Batch 60] loss: 0.051
[Epoch 100, Batch 70] loss: 0.051
[Epoch 100, Batch 80] loss: 0.051
epoch:  100
[Epoch 101, Batch 10] loss: 0.048
[Epoch 101, Batch 20] loss: 0.044
[Epoch 101, Batch 30] loss: 0.048
[Epoch 101, Batch 40] loss: 0.048
[Epoch 101, Batch 50] loss: 0.041
[Epoch 101, Batch 60] loss: 0.040
[Epoch 101, Batch 70] loss: 0.047
[Epoch 101, Batch 80] loss: 0.056
epoch:  101
[Epoch 102, Batch 10] loss: 0.044
[Epoch 102, Batch 20] loss: 0.037
[Epoch 102, Batch 30] loss: 0.048
[Epoch 102, Batch 40] loss: 0.041
[Epoch 102, Batch 50] loss: 0.049
[Epoch 102, Batch 60] loss: 0.048
[Epoch 102, Batch 70] loss: 0.047
[Epoch 102, Batch 80] loss: 0.042
epoch:  102
[Epoch 103, Batch 10] loss: 0.036
[Epoch 103, Batch 20] loss: 0.043
[Epoch 103, Batch 30] loss: 0.056
[Epoch 103, Batch 40] loss: 0.051
[Epoch 103, Batch 50] loss: 0.038
[Epoch 103, Batch 60] loss: 0.054
[Epoch 103, Batch 70] loss: 0.038
[Epoch 103, Batch 80] loss: 0.038
epoch:  103
[Epoch 104, Batch 10] loss: 0.038
[Epoch 104, Batch 20] loss: 0.044
[Epoch 104, Batch 30] loss: 0.040
[Epoch 104, Batch 40] loss: 0.047
[Epoch 104, Batch 50] loss: 0.038
[Epoch 104, Batch 60] loss: 0.036
[Epoch 104, Batch 70] loss: 0.047
[Epoch 104, Batch 80] loss: 0.046
epoch:  104
[Epoch 105, Batch 10] loss: 0.036
[Epoch 105, Batch 20] loss: 0.045
[Epoch 105, Batch 30] loss: 0.038
[Epoch 105, Batch 40] loss: 0.039
[Epoch 105, Batch 50] loss: 0.040
[Epoch 105, Batch 60] loss: 0.046
[Epoch 105, Batch 70] loss: 0.041
[Epoch 105, Batch 80] loss: 0.038
epoch:  105
[Epoch 106, Batch 10] loss: 0.040
[Epoch 106, Batch 20] loss: 0.042
[Epoch 106, Batch 30] loss: 0.029
[Epoch 106, Batch 40] loss: 0.041
[Epoch 106, Batch 50] loss: 0.035
[Epoch 106, Batch 60] loss: 0.047
[Epoch 106, Batch 70] loss: 0.038
[Epoch 106, Batch 80] loss: 0.035
epoch:  106
[Epoch 107, Batch 10] loss: 0.035
[Epoch 107, Batch 20] loss: 0.040
[Epoch 107, Batch 30] loss: 0.034
[Epoch 107, Batch 40] loss: 0.043
[Epoch 107, Batch 50] loss: 0.031
[Epoch 107, Batch 60] loss: 0.032
[Epoch 107, Batch 70] loss: 0.041
[Epoch 107, Batch 80] loss: 0.040
epoch:  107
[Epoch 108, Batch 10] loss: 0.036
[Epoch 108, Batch 20] loss: 0.036
[Epoch 108, Batch 30] loss: 0.032
[Epoch 108, Batch 40] loss: 0.036
[Epoch 108, Batch 50] loss: 0.040
[Epoch 108, Batch 60] loss: 0.038
[Epoch 108, Batch 70] loss: 0.040
[Epoch 108, Batch 80] loss: 0.033
epoch:  108
[Epoch 109, Batch 10] loss: 0.039
[Epoch 109, Batch 20] loss: 0.033
[Epoch 109, Batch 30] loss: 0.032
[Epoch 109, Batch 40] loss: 0.037
[Epoch 109, Batch 50] loss: 0.033
[Epoch 109, Batch 60] loss: 0.034
[Epoch 109, Batch 70] loss: 0.030
[Epoch 109, Batch 80] loss: 0.036
epoch:  109
[Epoch 110, Batch 10] loss: 0.029
[Epoch 110, Batch 20] loss: 0.034
[Epoch 110, Batch 30] loss: 0.034
[Epoch 110, Batch 40] loss: 0.032
[Epoch 110, Batch 50] loss: 0.041
[Epoch 110, Batch 60] loss: 0.036
[Epoch 110, Batch 70] loss: 0.033
[Epoch 110, Batch 80] loss: 0.036
epoch:  110
[Epoch 111, Batch 10] loss: 0.034
[Epoch 111, Batch 20] loss: 0.036
[Epoch 111, Batch 30] loss: 0.030
[Epoch 111, Batch 40] loss: 0.036
[Epoch 111, Batch 50] loss: 0.029
[Epoch 111, Batch 60] loss: 0.035
[Epoch 111, Batch 70] loss: 0.035
[Epoch 111, Batch 80] loss: 0.033
epoch:  111
[Epoch 112, Batch 10] loss: 0.030
[Epoch 112, Batch 20] loss: 0.029
[Epoch 112, Batch 30] loss: 0.034
[Epoch 112, Batch 40] loss: 0.030
[Epoch 112, Batch 50] loss: 0.035
[Epoch 112, Batch 60] loss: 0.033
[Epoch 112, Batch 70] loss: 0.034
[Epoch 112, Batch 80] loss: 0.026
epoch:  112
[Epoch 113, Batch 10] loss: 0.024
[Epoch 113, Batch 20] loss: 0.030
[Epoch 113, Batch 30] loss: 0.030
[Epoch 113, Batch 40] loss: 0.027
[Epoch 113, Batch 50] loss: 0.038
[Epoch 113, Batch 60] loss: 0.031
[Epoch 113, Batch 70] loss: 0.026
[Epoch 113, Batch 80] loss: 0.036
epoch:  113
[Epoch 114, Batch 10] loss: 0.023
[Epoch 114, Batch 20] loss: 0.022
[Epoch 114, Batch 30] loss: 0.031
[Epoch 114, Batch 40] loss: 0.037
[Epoch 114, Batch 50] loss: 0.025
[Epoch 114, Batch 60] loss: 0.028
[Epoch 114, Batch 70] loss: 0.028
[Epoch 114, Batch 80] loss: 0.039
epoch:  114
[Epoch 115, Batch 10] loss: 0.024
[Epoch 115, Batch 20] loss: 0.028
[Epoch 115, Batch 30] loss: 0.024
[Epoch 115, Batch 40] loss: 0.029
[Epoch 115, Batch 50] loss: 0.029
[Epoch 115, Batch 60] loss: 0.028
[Epoch 115, Batch 70] loss: 0.034
[Epoch 115, Batch 80] loss: 0.026
epoch:  115
[Epoch 116, Batch 10] loss: 0.027
[Epoch 116, Batch 20] loss: 0.026
[Epoch 116, Batch 30] loss: 0.025
[Epoch 116, Batch 40] loss: 0.030
[Epoch 116, Batch 50] loss: 0.026
[Epoch 116, Batch 60] loss: 0.027
[Epoch 116, Batch 70] loss: 0.028
[Epoch 116, Batch 80] loss: 0.026
epoch:  116
[Epoch 117, Batch 10] loss: 0.022
[Epoch 117, Batch 20] loss: 0.028
[Epoch 117, Batch 30] loss: 0.024
[Epoch 117, Batch 40] loss: 0.028
[Epoch 117, Batch 50] loss: 0.026
[Epoch 117, Batch 60] loss: 0.025
[Epoch 117, Batch 70] loss: 0.025
[Epoch 117, Batch 80] loss: 0.024
epoch:  117
[Epoch 118, Batch 10] loss: 0.024
[Epoch 118, Batch 20] loss: 0.026
[Epoch 118, Batch 30] loss: 0.024
[Epoch 118, Batch 40] loss: 0.027
[Epoch 118, Batch 50] loss: 0.025
[Epoch 118, Batch 60] loss: 0.027
[Epoch 118, Batch 70] loss: 0.024
[Epoch 118, Batch 80] loss: 0.023
epoch:  118
[Epoch 119, Batch 10] loss: 0.021
[Epoch 119, Batch 20] loss: 0.025
[Epoch 119, Batch 30] loss: 0.019
[Epoch 119, Batch 40] loss: 0.024
[Epoch 119, Batch 50] loss: 0.027
[Epoch 119, Batch 60] loss: 0.026
[Epoch 119, Batch 70] loss: 0.028
[Epoch 119, Batch 80] loss: 0.023
epoch:  119
[Epoch 120, Batch 10] loss: 0.022
[Epoch 120, Batch 20] loss: 0.020
[Epoch 120, Batch 30] loss: 0.023
[Epoch 120, Batch 40] loss: 0.020
[Epoch 120, Batch 50] loss: 0.024
[Epoch 120, Batch 60] loss: 0.022
[Epoch 120, Batch 70] loss: 0.030
[Epoch 120, Batch 80] loss: 0.022
epoch:  120
[Epoch 121, Batch 10] loss: 0.022
[Epoch 121, Batch 20] loss: 0.019
[Epoch 121, Batch 30] loss: 0.021
[Epoch 121, Batch 40] loss: 0.022
[Epoch 121, Batch 50] loss: 0.021
[Epoch 121, Batch 60] loss: 0.024
[Epoch 121, Batch 70] loss: 0.022
[Epoch 121, Batch 80] loss: 0.023
epoch:  121
[Epoch 122, Batch 10] loss: 0.021
[Epoch 122, Batch 20] loss: 0.020
[Epoch 122, Batch 30] loss: 0.022
[Epoch 122, Batch 40] loss: 0.021
[Epoch 122, Batch 50] loss: 0.017
[Epoch 122, Batch 60] loss: 0.021
[Epoch 122, Batch 70] loss: 0.023
[Epoch 122, Batch 80] loss: 0.020
epoch:  122
[Epoch 123, Batch 10] loss: 0.023
[Epoch 123, Batch 20] loss: 0.019
[Epoch 123, Batch 30] loss: 0.017
[Epoch 123, Batch 40] loss: 0.020
[Epoch 123, Batch 50] loss: 0.020
[Epoch 123, Batch 60] loss: 0.020
[Epoch 123, Batch 70] loss: 0.020
[Epoch 123, Batch 80] loss: 0.019
epoch:  123
[Epoch 124, Batch 10] loss: 0.020
[Epoch 124, Batch 20] loss: 0.015
[Epoch 124, Batch 30] loss: 0.022
[Epoch 124, Batch 40] loss: 0.017
[Epoch 124, Batch 50] loss: 0.017
[Epoch 124, Batch 60] loss: 0.018
[Epoch 124, Batch 70] loss: 0.019
[Epoch 124, Batch 80] loss: 0.021
epoch:  124
[Epoch 125, Batch 10] loss: 0.016
[Epoch 125, Batch 20] loss: 0.018
[Epoch 125, Batch 30] loss: 0.019
[Epoch 125, Batch 40] loss: 0.019
[Epoch 125, Batch 50] loss: 0.019
[Epoch 125, Batch 60] loss: 0.020
[Epoch 125, Batch 70] loss: 0.016
[Epoch 125, Batch 80] loss: 0.020
epoch:  125
[Epoch 126, Batch 10] loss: 0.017
[Epoch 126, Batch 20] loss: 0.017
[Epoch 126, Batch 30] loss: 0.017
[Epoch 126, Batch 40] loss: 0.018
[Epoch 126, Batch 50] loss: 0.014
[Epoch 126, Batch 60] loss: 0.015
[Epoch 126, Batch 70] loss: 0.020
[Epoch 126, Batch 80] loss: 0.020
epoch:  126
[Epoch 127, Batch 10] loss: 0.015
[Epoch 127, Batch 20] loss: 0.020
[Epoch 127, Batch 30] loss: 0.019
[Epoch 127, Batch 40] loss: 0.017
[Epoch 127, Batch 50] loss: 0.013
[Epoch 127, Batch 60] loss: 0.019
[Epoch 127, Batch 70] loss: 0.022
[Epoch 127, Batch 80] loss: 0.013
epoch:  127
[Epoch 128, Batch 10] loss: 0.014
[Epoch 128, Batch 20] loss: 0.014
[Epoch 128, Batch 30] loss: 0.017
[Epoch 128, Batch 40] loss: 0.017
[Epoch 128, Batch 50] loss: 0.015
[Epoch 128, Batch 60] loss: 0.016
[Epoch 128, Batch 70] loss: 0.016
[Epoch 128, Batch 80] loss: 0.017
epoch:  128
[Epoch 129, Batch 10] loss: 0.013
[Epoch 129, Batch 20] loss: 0.013
[Epoch 129, Batch 30] loss: 0.014
[Epoch 129, Batch 40] loss: 0.016
[Epoch 129, Batch 50] loss: 0.015
[Epoch 129, Batch 60] loss: 0.017
[Epoch 129, Batch 70] loss: 0.015
[Epoch 129, Batch 80] loss: 0.017
epoch:  129
[Epoch 130, Batch 10] loss: 0.014
[Epoch 130, Batch 20] loss: 0.014
[Epoch 130, Batch 30] loss: 0.016
[Epoch 130, Batch 40] loss: 0.015
[Epoch 130, Batch 50] loss: 0.013
[Epoch 130, Batch 60] loss: 0.013
[Epoch 130, Batch 70] loss: 0.013
[Epoch 130, Batch 80] loss: 0.017
epoch:  130
[Epoch 131, Batch 10] loss: 0.012
[Epoch 131, Batch 20] loss: 0.014
[Epoch 131, Batch 30] loss: 0.013
[Epoch 131, Batch 40] loss: 0.013
[Epoch 131, Batch 50] loss: 0.012
[Epoch 131, Batch 60] loss: 0.018
[Epoch 131, Batch 70] loss: 0.015
[Epoch 131, Batch 80] loss: 0.014
epoch:  131
[Epoch 132, Batch 10] loss: 0.011
[Epoch 132, Batch 20] loss: 0.015
[Epoch 132, Batch 30] loss: 0.012
[Epoch 132, Batch 40] loss: 0.011
[Epoch 132, Batch 50] loss: 0.013
[Epoch 132, Batch 60] loss: 0.014
[Epoch 132, Batch 70] loss: 0.016
[Epoch 132, Batch 80] loss: 0.015
epoch:  132
[Epoch 133, Batch 10] loss: 0.013
[Epoch 133, Batch 20] loss: 0.014
[Epoch 133, Batch 30] loss: 0.014
[Epoch 133, Batch 40] loss: 0.013
[Epoch 133, Batch 50] loss: 0.012
[Epoch 133, Batch 60] loss: 0.013
[Epoch 133, Batch 70] loss: 0.014
[Epoch 133, Batch 80] loss: 0.013
epoch:  133
[Epoch 134, Batch 10] loss: 0.012
[Epoch 134, Batch 20] loss: 0.011
[Epoch 134, Batch 30] loss: 0.013
[Epoch 134, Batch 40] loss: 0.011
[Epoch 134, Batch 50] loss: 0.014
[Epoch 134, Batch 60] loss: 0.012
[Epoch 134, Batch 70] loss: 0.013
[Epoch 134, Batch 80] loss: 0.013
epoch:  134
[Epoch 135, Batch 10] loss: 0.013
[Epoch 135, Batch 20] loss: 0.012
[Epoch 135, Batch 30] loss: 0.010
[Epoch 135, Batch 40] loss: 0.010
[Epoch 135, Batch 50] loss: 0.012
[Epoch 135, Batch 60] loss: 0.011
[Epoch 135, Batch 70] loss: 0.013
[Epoch 135, Batch 80] loss: 0.013
epoch:  135
[Epoch 136, Batch 10] loss: 0.011
[Epoch 136, Batch 20] loss: 0.010
[Epoch 136, Batch 30] loss: 0.012
[Epoch 136, Batch 40] loss: 0.010
[Epoch 136, Batch 50] loss: 0.014
[Epoch 136, Batch 60] loss: 0.010
[Epoch 136, Batch 70] loss: 0.011
[Epoch 136, Batch 80] loss: 0.010
epoch:  136
[Epoch 137, Batch 10] loss: 0.008
[Epoch 137, Batch 20] loss: 0.011
[Epoch 137, Batch 30] loss: 0.011
[Epoch 137, Batch 40] loss: 0.010
[Epoch 137, Batch 50] loss: 0.010
[Epoch 137, Batch 60] loss: 0.011
[Epoch 137, Batch 70] loss: 0.012
[Epoch 137, Batch 80] loss: 0.010
epoch:  137
[Epoch 138, Batch 10] loss: 0.010
[Epoch 138, Batch 20] loss: 0.013
[Epoch 138, Batch 30] loss: 0.008
[Epoch 138, Batch 40] loss: 0.009
[Epoch 138, Batch 50] loss: 0.009
[Epoch 138, Batch 60] loss: 0.012
[Epoch 138, Batch 70] loss: 0.010
[Epoch 138, Batch 80] loss: 0.010
epoch:  138
[Epoch 139, Batch 10] loss: 0.009
[Epoch 139, Batch 20] loss: 0.010
[Epoch 139, Batch 30] loss: 0.007
[Epoch 139, Batch 40] loss: 0.009
[Epoch 139, Batch 50] loss: 0.010
[Epoch 139, Batch 60] loss: 0.012
[Epoch 139, Batch 70] loss: 0.009
[Epoch 139, Batch 80] loss: 0.008
epoch:  139
[Epoch 140, Batch 10] loss: 0.009
[Epoch 140, Batch 20] loss: 0.010
[Epoch 140, Batch 30] loss: 0.009
[Epoch 140, Batch 40] loss: 0.009
[Epoch 140, Batch 50] loss: 0.008
[Epoch 140, Batch 60] loss: 0.009
[Epoch 140, Batch 70] loss: 0.009
[Epoch 140, Batch 80] loss: 0.010
epoch:  140
[Epoch 141, Batch 10] loss: 0.007
[Epoch 141, Batch 20] loss: 0.009
[Epoch 141, Batch 30] loss: 0.010
[Epoch 141, Batch 40] loss: 0.009
[Epoch 141, Batch 50] loss: 0.008
[Epoch 141, Batch 60] loss: 0.008
[Epoch 141, Batch 70] loss: 0.009
[Epoch 141, Batch 80] loss: 0.008
epoch:  141
[Epoch 142, Batch 10] loss: 0.007
[Epoch 142, Batch 20] loss: 0.009
[Epoch 142, Batch 30] loss: 0.009
[Epoch 142, Batch 40] loss: 0.008
[Epoch 142, Batch 50] loss: 0.008
[Epoch 142, Batch 60] loss: 0.009
[Epoch 142, Batch 70] loss: 0.009
[Epoch 142, Batch 80] loss: 0.009
epoch:  142
[Epoch 143, Batch 10] loss: 0.007
[Epoch 143, Batch 20] loss: 0.008
[Epoch 143, Batch 30] loss: 0.007
[Epoch 143, Batch 40] loss: 0.008
[Epoch 143, Batch 50] loss: 0.008
[Epoch 143, Batch 60] loss: 0.009
[Epoch 143, Batch 70] loss: 0.009
[Epoch 143, Batch 80] loss: 0.007
epoch:  143
[Epoch 144, Batch 10] loss: 0.007
[Epoch 144, Batch 20] loss: 0.007
[Epoch 144, Batch 30] loss: 0.007
[Epoch 144, Batch 40] loss: 0.007
[Epoch 144, Batch 50] loss: 0.007
[Epoch 144, Batch 60] loss: 0.008
[Epoch 144, Batch 70] loss: 0.008
[Epoch 144, Batch 80] loss: 0.007
epoch:  144
[Epoch 145, Batch 10] loss: 0.007
[Epoch 145, Batch 20] loss: 0.006
[Epoch 145, Batch 30] loss: 0.006
[Epoch 145, Batch 40] loss: 0.006
[Epoch 145, Batch 50] loss: 0.008
[Epoch 145, Batch 60] loss: 0.007
[Epoch 145, Batch 70] loss: 0.006
[Epoch 145, Batch 80] loss: 0.009
epoch:  145
[Epoch 146, Batch 10] loss: 0.007
[Epoch 146, Batch 20] loss: 0.007
[Epoch 146, Batch 30] loss: 0.007
[Epoch 146, Batch 40] loss: 0.008
[Epoch 146, Batch 50] loss: 0.007
[Epoch 146, Batch 60] loss: 0.007
[Epoch 146, Batch 70] loss: 0.006
[Epoch 146, Batch 80] loss: 0.007
epoch:  146
[Epoch 147, Batch 10] loss: 0.006
[Epoch 147, Batch 20] loss: 0.005
[Epoch 147, Batch 30] loss: 0.006
[Epoch 147, Batch 40] loss: 0.007
[Epoch 147, Batch 50] loss: 0.007
[Epoch 147, Batch 60] loss: 0.007
[Epoch 147, Batch 70] loss: 0.007
[Epoch 147, Batch 80] loss: 0.006
epoch:  147
[Epoch 148, Batch 10] loss: 0.006
[Epoch 148, Batch 20] loss: 0.005
[Epoch 148, Batch 30] loss: 0.006
[Epoch 148, Batch 40] loss: 0.007
[Epoch 148, Batch 50] loss: 0.006
[Epoch 148, Batch 60] loss: 0.005
[Epoch 148, Batch 70] loss: 0.006
[Epoch 148, Batch 80] loss: 0.007
epoch:  148
[Epoch 149, Batch 10] loss: 0.006
[Epoch 149, Batch 20] loss: 0.005
[Epoch 149, Batch 30] loss: 0.006
[Epoch 149, Batch 40] loss: 0.006
[Epoch 149, Batch 50] loss: 0.006
[Epoch 149, Batch 60] loss: 0.005
[Epoch 149, Batch 70] loss: 0.006
[Epoch 149, Batch 80] loss: 0.006
epoch:  149
[Epoch 150, Batch 10] loss: 0.005
[Epoch 150, Batch 20] loss: 0.005
[Epoch 150, Batch 30] loss: 0.006
[Epoch 150, Batch 40] loss: 0.005
[Epoch 150, Batch 50] loss: 0.006
[Epoch 150, Batch 60] loss: 0.006
[Epoch 150, Batch 70] loss: 0.006
[Epoch 150, Batch 80] loss: 0.006
epoch:  150
[Epoch 151, Batch 10] loss: 0.006
[Epoch 151, Batch 20] loss: 0.005
[Epoch 151, Batch 30] loss: 0.005
[Epoch 151, Batch 40] loss: 0.005
[Epoch 151, Batch 50] loss: 0.005
[Epoch 151, Batch 60] loss: 0.006
[Epoch 151, Batch 70] loss: 0.007
[Epoch 151, Batch 80] loss: 0.006
epoch:  151
[Epoch 152, Batch 10] loss: 0.004
[Epoch 152, Batch 20] loss: 0.005
[Epoch 152, Batch 30] loss: 0.005
[Epoch 152, Batch 40] loss: 0.005
[Epoch 152, Batch 50] loss: 0.006
[Epoch 152, Batch 60] loss: 0.005
[Epoch 152, Batch 70] loss: 0.005
[Epoch 152, Batch 80] loss: 0.005
epoch:  152
[Epoch 153, Batch 10] loss: 0.004
[Epoch 153, Batch 20] loss: 0.004
[Epoch 153, Batch 30] loss: 0.004
[Epoch 153, Batch 40] loss: 0.005
[Epoch 153, Batch 50] loss: 0.005
[Epoch 153, Batch 60] loss: 0.006
[Epoch 153, Batch 70] loss: 0.005
[Epoch 153, Batch 80] loss: 0.005
epoch:  153
[Epoch 154, Batch 10] loss: 0.004
[Epoch 154, Batch 20] loss: 0.005
[Epoch 154, Batch 30] loss: 0.005
[Epoch 154, Batch 40] loss: 0.004
[Epoch 154, Batch 50] loss: 0.005
[Epoch 154, Batch 60] loss: 0.005
[Epoch 154, Batch 70] loss: 0.005
[Epoch 154, Batch 80] loss: 0.005
epoch:  154
[Epoch 155, Batch 10] loss: 0.004
[Epoch 155, Batch 20] loss: 0.005
[Epoch 155, Batch 30] loss: 0.005
[Epoch 155, Batch 40] loss: 0.004
[Epoch 155, Batch 50] loss: 0.004
[Epoch 155, Batch 60] loss: 0.004
[Epoch 155, Batch 70] loss: 0.005
[Epoch 155, Batch 80] loss: 0.005
epoch:  155
[Epoch 156, Batch 10] loss: 0.005
[Epoch 156, Batch 20] loss: 0.003
[Epoch 156, Batch 30] loss: 0.004
[Epoch 156, Batch 40] loss: 0.004
[Epoch 156, Batch 50] loss: 0.004
[Epoch 156, Batch 60] loss: 0.004
[Epoch 156, Batch 70] loss: 0.004
[Epoch 156, Batch 80] loss: 0.004
epoch:  156
[Epoch 157, Batch 10] loss: 0.004
[Epoch 157, Batch 20] loss: 0.004
[Epoch 157, Batch 30] loss: 0.004
[Epoch 157, Batch 40] loss: 0.004
[Epoch 157, Batch 50] loss: 0.004
[Epoch 157, Batch 60] loss: 0.004
[Epoch 157, Batch 70] loss: 0.004
[Epoch 157, Batch 80] loss: 0.004
epoch:  157
[Epoch 158, Batch 10] loss: 0.003
[Epoch 158, Batch 20] loss: 0.003
[Epoch 158, Batch 30] loss: 0.003
[Epoch 158, Batch 40] loss: 0.004
[Epoch 158, Batch 50] loss: 0.004
[Epoch 158, Batch 60] loss: 0.004
[Epoch 158, Batch 70] loss: 0.004
[Epoch 158, Batch 80] loss: 0.004
epoch:  158
[Epoch 159, Batch 10] loss: 0.003
[Epoch 159, Batch 20] loss: 0.003
[Epoch 159, Batch 30] loss: 0.003
[Epoch 159, Batch 40] loss: 0.003
[Epoch 159, Batch 50] loss: 0.004
[Epoch 159, Batch 60] loss: 0.004
[Epoch 159, Batch 70] loss: 0.003
[Epoch 159, Batch 80] loss: 0.004
epoch:  159
[Epoch 160, Batch 10] loss: 0.003
[Epoch 160, Batch 20] loss: 0.003
[Epoch 160, Batch 30] loss: 0.004
[Epoch 160, Batch 40] loss: 0.004
[Epoch 160, Batch 50] loss: 0.004
[Epoch 160, Batch 60] loss: 0.004
[Epoch 160, Batch 70] loss: 0.004
[Epoch 160, Batch 80] loss: 0.003
epoch:  160
[Epoch 161, Batch 10] loss: 0.003
[Epoch 161, Batch 20] loss: 0.003
[Epoch 161, Batch 30] loss: 0.003
[Epoch 161, Batch 40] loss: 0.003
[Epoch 161, Batch 50] loss: 0.003
[Epoch 161, Batch 60] loss: 0.003
[Epoch 161, Batch 70] loss: 0.003
[Epoch 161, Batch 80] loss: 0.004
epoch:  161
[Epoch 162, Batch 10] loss: 0.003
[Epoch 162, Batch 20] loss: 0.003
[Epoch 162, Batch 30] loss: 0.003
[Epoch 162, Batch 40] loss: 0.003
[Epoch 162, Batch 50] loss: 0.003
[Epoch 162, Batch 60] loss: 0.003
[Epoch 162, Batch 70] loss: 0.003
[Epoch 162, Batch 80] loss: 0.004
epoch:  162
[Epoch 163, Batch 10] loss: 0.003
[Epoch 163, Batch 20] loss: 0.003
[Epoch 163, Batch 30] loss: 0.003
[Epoch 163, Batch 40] loss: 0.003
[Epoch 163, Batch 50] loss: 0.003
[Epoch 163, Batch 60] loss: 0.003
[Epoch 163, Batch 70] loss: 0.003
[Epoch 163, Batch 80] loss: 0.003
epoch:  163
[Epoch 164, Batch 10] loss: 0.002
[Epoch 164, Batch 20] loss: 0.003
[Epoch 164, Batch 30] loss: 0.003
[Epoch 164, Batch 40] loss: 0.003
[Epoch 164, Batch 50] loss: 0.003
[Epoch 164, Batch 60] loss: 0.003
[Epoch 164, Batch 70] loss: 0.002
[Epoch 164, Batch 80] loss: 0.003
epoch:  164
[Epoch 165, Batch 10] loss: 0.002
[Epoch 165, Batch 20] loss: 0.003
[Epoch 165, Batch 30] loss: 0.002
[Epoch 165, Batch 40] loss: 0.002
[Epoch 165, Batch 50] loss: 0.003
[Epoch 165, Batch 60] loss: 0.003
[Epoch 165, Batch 70] loss: 0.003
[Epoch 165, Batch 80] loss: 0.003
epoch:  165
[Epoch 166, Batch 10] loss: 0.002
[Epoch 166, Batch 20] loss: 0.002
[Epoch 166, Batch 30] loss: 0.003
[Epoch 166, Batch 40] loss: 0.002
[Epoch 166, Batch 50] loss: 0.002
[Epoch 166, Batch 60] loss: 0.002
[Epoch 166, Batch 70] loss: 0.002
[Epoch 166, Batch 80] loss: 0.002
epoch:  166
[Epoch 167, Batch 10] loss: 0.002
[Epoch 167, Batch 20] loss: 0.002
[Epoch 167, Batch 30] loss: 0.002
[Epoch 167, Batch 40] loss: 0.003
[Epoch 167, Batch 50] loss: 0.002
[Epoch 167, Batch 60] loss: 0.002
[Epoch 167, Batch 70] loss: 0.002
[Epoch 167, Batch 80] loss: 0.003
epoch:  167
[Epoch 168, Batch 10] loss: 0.002
[Epoch 168, Batch 20] loss: 0.002
[Epoch 168, Batch 30] loss: 0.002
[Epoch 168, Batch 40] loss: 0.002
[Epoch 168, Batch 50] loss: 0.002
[Epoch 168, Batch 60] loss: 0.002
[Epoch 168, Batch 70] loss: 0.002
[Epoch 168, Batch 80] loss: 0.002
epoch:  168
[Epoch 169, Batch 10] loss: 0.002
[Epoch 169, Batch 20] loss: 0.002
[Epoch 169, Batch 30] loss: 0.002
[Epoch 169, Batch 40] loss: 0.002
[Epoch 169, Batch 50] loss: 0.002
[Epoch 169, Batch 60] loss: 0.002
[Epoch 169, Batch 70] loss: 0.002
[Epoch 169, Batch 80] loss: 0.002
epoch:  169
[Epoch 170, Batch 10] loss: 0.002
[Epoch 170, Batch 20] loss: 0.002
[Epoch 170, Batch 30] loss: 0.002
[Epoch 170, Batch 40] loss: 0.002
[Epoch 170, Batch 50] loss: 0.002
[Epoch 170, Batch 60] loss: 0.002
[Epoch 170, Batch 70] loss: 0.002
[Epoch 170, Batch 80] loss: 0.002
epoch:  170
[Epoch 171, Batch 10] loss: 0.002
[Epoch 171, Batch 20] loss: 0.002
[Epoch 171, Batch 30] loss: 0.002
[Epoch 171, Batch 40] loss: 0.002
[Epoch 171, Batch 50] loss: 0.002
[Epoch 171, Batch 60] loss: 0.002
[Epoch 171, Batch 70] loss: 0.002
[Epoch 171, Batch 80] loss: 0.002
epoch:  171
[Epoch 172, Batch 10] loss: 0.002
[Epoch 172, Batch 20] loss: 0.002
[Epoch 172, Batch 30] loss: 0.002
[Epoch 172, Batch 40] loss: 0.002
[Epoch 172, Batch 50] loss: 0.002
[Epoch 172, Batch 60] loss: 0.002
[Epoch 172, Batch 70] loss: 0.002
[Epoch 172, Batch 80] loss: 0.002
epoch:  172
[Epoch 173, Batch 10] loss: 0.002
[Epoch 173, Batch 20] loss: 0.002
[Epoch 173, Batch 30] loss: 0.002
[Epoch 173, Batch 40] loss: 0.002
[Epoch 173, Batch 50] loss: 0.002
[Epoch 173, Batch 60] loss: 0.002
[Epoch 173, Batch 70] loss: 0.002
[Epoch 173, Batch 80] loss: 0.002
epoch:  173
[Epoch 174, Batch 10] loss: 0.002
[Epoch 174, Batch 20] loss: 0.002
[Epoch 174, Batch 30] loss: 0.002
[Epoch 174, Batch 40] loss: 0.002
[Epoch 174, Batch 50] loss: 0.002
[Epoch 174, Batch 60] loss: 0.002
[Epoch 174, Batch 70] loss: 0.002
[Epoch 174, Batch 80] loss: 0.002
epoch:  174
[Epoch 175, Batch 10] loss: 0.002
[Epoch 175, Batch 20] loss: 0.002
[Epoch 175, Batch 30] loss: 0.001
[Epoch 175, Batch 40] loss: 0.001
[Epoch 175, Batch 50] loss: 0.001
[Epoch 175, Batch 60] loss: 0.001
[Epoch 175, Batch 70] loss: 0.001
[Epoch 175, Batch 80] loss: 0.002
epoch:  175
[Epoch 176, Batch 10] loss: 0.001
[Epoch 176, Batch 20] loss: 0.001
[Epoch 176, Batch 30] loss: 0.001
[Epoch 176, Batch 40] loss: 0.001
[Epoch 176, Batch 50] loss: 0.002
[Epoch 176, Batch 60] loss: 0.001
[Epoch 176, Batch 70] loss: 0.002
[Epoch 176, Batch 80] loss: 0.001
epoch:  176
[Epoch 177, Batch 10] loss: 0.001
[Epoch 177, Batch 20] loss: 0.001
[Epoch 177, Batch 30] loss: 0.001
[Epoch 177, Batch 40] loss: 0.001
[Epoch 177, Batch 50] loss: 0.001
[Epoch 177, Batch 60] loss: 0.001
[Epoch 177, Batch 70] loss: 0.002
[Epoch 177, Batch 80] loss: 0.001
epoch:  177
[Epoch 178, Batch 10] loss: 0.001
[Epoch 178, Batch 20] loss: 0.001
[Epoch 178, Batch 30] loss: 0.001
[Epoch 178, Batch 40] loss: 0.001
[Epoch 178, Batch 50] loss: 0.001
[Epoch 178, Batch 60] loss: 0.001
[Epoch 178, Batch 70] loss: 0.001
[Epoch 178, Batch 80] loss: 0.001
epoch:  178
[Epoch 179, Batch 10] loss: 0.001
[Epoch 179, Batch 20] loss: 0.001
[Epoch 179, Batch 30] loss: 0.001
[Epoch 179, Batch 40] loss: 0.001
[Epoch 179, Batch 50] loss: 0.001
[Epoch 179, Batch 60] loss: 0.001
[Epoch 179, Batch 70] loss: 0.001
[Epoch 179, Batch 80] loss: 0.001
epoch:  179
[Epoch 180, Batch 10] loss: 0.001
[Epoch 180, Batch 20] loss: 0.001
[Epoch 180, Batch 30] loss: 0.001
[Epoch 180, Batch 40] loss: 0.001
[Epoch 180, Batch 50] loss: 0.001
[Epoch 180, Batch 60] loss: 0.001
[Epoch 180, Batch 70] loss: 0.001
[Epoch 180, Batch 80] loss: 0.001
epoch:  180
[Epoch 181, Batch 10] loss: 0.001
[Epoch 181, Batch 20] loss: 0.001
[Epoch 181, Batch 30] loss: 0.001
[Epoch 181, Batch 40] loss: 0.001
[Epoch 181, Batch 50] loss: 0.001
[Epoch 181, Batch 60] loss: 0.001
[Epoch 181, Batch 70] loss: 0.001
[Epoch 181, Batch 80] loss: 0.001
epoch:  181
[Epoch 182, Batch 10] loss: 0.001
[Epoch 182, Batch 20] loss: 0.001
[Epoch 182, Batch 30] loss: 0.001
[Epoch 182, Batch 40] loss: 0.001
[Epoch 182, Batch 50] loss: 0.001
[Epoch 182, Batch 60] loss: 0.001
[Epoch 182, Batch 70] loss: 0.001
[Epoch 182, Batch 80] loss: 0.001
epoch:  182
[Epoch 183, Batch 10] loss: 0.001
[Epoch 183, Batch 20] loss: 0.001
[Epoch 183, Batch 30] loss: 0.001
[Epoch 183, Batch 40] loss: 0.001
[Epoch 183, Batch 50] loss: 0.001
[Epoch 183, Batch 60] loss: 0.001
[Epoch 183, Batch 70] loss: 0.001
[Epoch 183, Batch 80] loss: 0.001
epoch:  183
[Epoch 184, Batch 10] loss: 0.001
[Epoch 184, Batch 20] loss: 0.001
[Epoch 184, Batch 30] loss: 0.001
[Epoch 184, Batch 40] loss: 0.001
[Epoch 184, Batch 50] loss: 0.001
[Epoch 184, Batch 60] loss: 0.001
[Epoch 184, Batch 70] loss: 0.001
[Epoch 184, Batch 80] loss: 0.001
epoch:  184
[Epoch 185, Batch 10] loss: 0.001
[Epoch 185, Batch 20] loss: 0.001
[Epoch 185, Batch 30] loss: 0.001
[Epoch 185, Batch 40] loss: 0.001
[Epoch 185, Batch 50] loss: 0.001
[Epoch 185, Batch 60] loss: 0.001
[Epoch 185, Batch 70] loss: 0.001
[Epoch 185, Batch 80] loss: 0.001
epoch:  185
[Epoch 186, Batch 10] loss: 0.001
[Epoch 186, Batch 20] loss: 0.001
[Epoch 186, Batch 30] loss: 0.001
[Epoch 186, Batch 40] loss: 0.001
[Epoch 186, Batch 50] loss: 0.001
[Epoch 186, Batch 60] loss: 0.001
[Epoch 186, Batch 70] loss: 0.001
[Epoch 186, Batch 80] loss: 0.001
epoch:  186
[Epoch 187, Batch 10] loss: 0.001
[Epoch 187, Batch 20] loss: 0.001
[Epoch 187, Batch 30] loss: 0.001
[Epoch 187, Batch 40] loss: 0.001
[Epoch 187, Batch 50] loss: 0.001
[Epoch 187, Batch 60] loss: 0.001
[Epoch 187, Batch 70] loss: 0.001
[Epoch 187, Batch 80] loss: 0.001
epoch:  187
[Epoch 188, Batch 10] loss: 0.001
[Epoch 188, Batch 20] loss: 0.001
[Epoch 188, Batch 30] loss: 0.001
[Epoch 188, Batch 40] loss: 0.001
[Epoch 188, Batch 50] loss: 0.001
[Epoch 188, Batch 60] loss: 0.001
[Epoch 188, Batch 70] loss: 0.001
[Epoch 188, Batch 80] loss: 0.001
epoch:  188
[Epoch 189, Batch 10] loss: 0.001
[Epoch 189, Batch 20] loss: 0.001
[Epoch 189, Batch 30] loss: 0.001
[Epoch 189, Batch 40] loss: 0.001
[Epoch 189, Batch 50] loss: 0.001
[Epoch 189, Batch 60] loss: 0.001
[Epoch 189, Batch 70] loss: 0.001
[Epoch 189, Batch 80] loss: 0.001
epoch:  189
[Epoch 190, Batch 10] loss: 0.001
[Epoch 190, Batch 20] loss: 0.001
[Epoch 190, Batch 30] loss: 0.001
[Epoch 190, Batch 40] loss: 0.001
[Epoch 190, Batch 50] loss: 0.001
[Epoch 190, Batch 60] loss: 0.001
[Epoch 190, Batch 70] loss: 0.001
[Epoch 190, Batch 80] loss: 0.001
epoch:  190
[Epoch 191, Batch 10] loss: 0.001
[Epoch 191, Batch 20] loss: 0.001
[Epoch 191, Batch 30] loss: 0.001
[Epoch 191, Batch 40] loss: 0.001
[Epoch 191, Batch 50] loss: 0.001
[Epoch 191, Batch 60] loss: 0.001
[Epoch 191, Batch 70] loss: 0.001
[Epoch 191, Batch 80] loss: 0.001
epoch:  191
[Epoch 192, Batch 10] loss: 0.001
[Epoch 192, Batch 20] loss: 0.001
[Epoch 192, Batch 30] loss: 0.001
[Epoch 192, Batch 40] loss: 0.001
[Epoch 192, Batch 50] loss: 0.001
[Epoch 192, Batch 60] loss: 0.000
[Epoch 192, Batch 70] loss: 0.001
[Epoch 192, Batch 80] loss: 0.001
epoch:  192
[Epoch 193, Batch 10] loss: 0.001
[Epoch 193, Batch 20] loss: 0.001
[Epoch 193, Batch 30] loss: 0.001
[Epoch 193, Batch 40] loss: 0.001
[Epoch 193, Batch 50] loss: 0.001
[Epoch 193, Batch 60] loss: 0.001
[Epoch 193, Batch 70] loss: 0.001
[Epoch 193, Batch 80] loss: 0.000
epoch:  193
[Epoch 194, Batch 10] loss: 0.001
[Epoch 194, Batch 20] loss: 0.001
[Epoch 194, Batch 30] loss: 0.001
[Epoch 194, Batch 40] loss: 0.001
[Epoch 194, Batch 50] loss: 0.001
[Epoch 194, Batch 60] loss: 0.000
[Epoch 194, Batch 70] loss: 0.001
[Epoch 194, Batch 80] loss: 0.001
epoch:  194
[Epoch 195, Batch 10] loss: 0.000
[Epoch 195, Batch 20] loss: 0.000
[Epoch 195, Batch 30] loss: 0.001
[Epoch 195, Batch 40] loss: 0.001
[Epoch 195, Batch 50] loss: 0.001
[Epoch 195, Batch 60] loss: 0.001
[Epoch 195, Batch 70] loss: 0.000
[Epoch 195, Batch 80] loss: 0.000
epoch:  195
[Epoch 196, Batch 10] loss: 0.000
[Epoch 196, Batch 20] loss: 0.000
[Epoch 196, Batch 30] loss: 0.000
[Epoch 196, Batch 40] loss: 0.000
[Epoch 196, Batch 50] loss: 0.001
[Epoch 196, Batch 60] loss: 0.000
[Epoch 196, Batch 70] loss: 0.001
[Epoch 196, Batch 80] loss: 0.000
epoch:  196
[Epoch 197, Batch 10] loss: 0.000
[Epoch 197, Batch 20] loss: 0.000
[Epoch 197, Batch 30] loss: 0.000
[Epoch 197, Batch 40] loss: 0.000
[Epoch 197, Batch 50] loss: 0.001
[Epoch 197, Batch 60] loss: 0.000
[Epoch 197, Batch 70] loss: 0.000
[Epoch 197, Batch 80] loss: 0.001
epoch:  197
[Epoch 198, Batch 10] loss: 0.000
[Epoch 198, Batch 20] loss: 0.000
[Epoch 198, Batch 30] loss: 0.000
[Epoch 198, Batch 40] loss: 0.000
[Epoch 198, Batch 50] loss: 0.000
[Epoch 198, Batch 60] loss: 0.000
[Epoch 198, Batch 70] loss: 0.000
[Epoch 198, Batch 80] loss: 0.000
epoch:  198
[Epoch 199, Batch 10] loss: 0.000
[Epoch 199, Batch 20] loss: 0.000
[Epoch 199, Batch 30] loss: 0.000
[Epoch 199, Batch 40] loss: 0.000
[Epoch 199, Batch 50] loss: 0.000
[Epoch 199, Batch 60] loss: 0.000
[Epoch 199, Batch 70] loss: 0.000
[Epoch 199, Batch 80] loss: 0.000
epoch:  199
[Epoch 200, Batch 10] loss: 0.000
[Epoch 200, Batch 20] loss: 0.000
[Epoch 200, Batch 30] loss: 0.000
[Epoch 200, Batch 40] loss: 0.000
[Epoch 200, Batch 50] loss: 0.000
[Epoch 200, Batch 60] loss: 0.000
[Epoch 200, Batch 70] loss: 0.000
[Epoch 200, Batch 80] loss: 0.000
==========================================================================================
Layer (type:depth-idx)                   Output Shape              Param #
==========================================================================================
TAPPredictor                             [8, 1]                    --
Sequential: 1-1                        [8, 1]                    --
    Conv1d: 2-1                       [8, 2048, 1278]           12,288
    Tanh: 2-2                         [8, 2048, 1278]           --
    MaxPool1d: 2-3                    [8, 2048, 1276]           --
    Conv1d: 2-4                       [8, 1024, 1274]           10,486,784
    Tanh: 2-5                         [8, 1024, 1274]           --
    MaxPool1d: 2-6                    [8, 1024, 1272]           --
    Conv1d: 2-7                       [8, 512, 1270]            2,621,952
    Tanh: 2-8                         [8, 512, 1270]            --
    MaxPool1d: 2-9                    [8, 512, 1268]            --
    Conv1d: 2-10                      [8, 256, 1266]            655,616
    Tanh: 2-11                        [8, 256, 1266]            --
    MaxPool1d: 2-12                   [8, 256, 1264]            --
    Conv1d: 2-13                      [8, 128, 1262]            163,968
    Tanh: 2-14                        [8, 128, 1262]            --
    MaxPool1d: 2-15                   [8, 128, 1260]            --
    Conv1d: 2-16                      [8, 16, 1258]             10,256
    Tanh: 2-17                        [8, 16, 1258]             --
    MaxPool1d: 2-18                   [8, 16, 1256]             --
    Conv1d: 2-19                      [8, 4, 1254]              324
    Tanh: 2-20                        [8, 4, 1254]              --
    MaxPool1d: 2-21                   [8, 4, 1252]              --
    Flatten: 2-22                     [8, 5008]                 --
    Linear: 2-23                      [8, 1]                    5,009
==========================================================================================
Total params: 13,956,197
Trainable params: 13,956,197
Non-trainable params: 0
Total mult-adds (G): 142.05
==========================================================================================
Input size (MB): 0.04
Forward/backward pass size (MB): 325.31
Params size (MB): 55.82
Estimated Total Size (MB): 381.17
==========================================================================================
Time taken:  137619.51314401627
{'time_elapsed': [137619.51314401627], 'random_seed': [42], 'f1_train': [1.0], 'auroc_train': [1.0], 'auprc_train': [1.0], 'f1_test': [0.8089764641488779], 'auroc_test': [0.8271604938271605], 'auprc_test': [0.9004929758592018]}
==========================================================================================
Layer (type:depth-idx)                   Output Shape              Param #
==========================================================================================
TAPPredictor                             [8, 1]                    --
Sequential: 1-1                        [8, 1]                    --
    Conv1d: 2-1                       [8, 2048, 1278]           12,288
    Tanh: 2-2                         [8, 2048, 1278]           --
    MaxPool1d: 2-3                    [8, 2048, 1276]           --
    Conv1d: 2-4                       [8, 1024, 1274]           10,486,784
    Tanh: 2-5                         [8, 1024, 1274]           --
    MaxPool1d: 2-6                    [8, 1024, 1272]           --
    Conv1d: 2-7                       [8, 512, 1270]            2,621,952
    Tanh: 2-8                         [8, 512, 1270]            --
    MaxPool1d: 2-9                    [8, 512, 1268]            --
    Conv1d: 2-10                      [8, 256, 1266]            655,616
    Tanh: 2-11                        [8, 256, 1266]            --
    MaxPool1d: 2-12                   [8, 256, 1264]            --
    Conv1d: 2-13                      [8, 128, 1262]            163,968
    Tanh: 2-14                        [8, 128, 1262]            --
    MaxPool1d: 2-15                   [8, 128, 1260]            --
    Conv1d: 2-16                      [8, 16, 1258]             10,256
    Tanh: 2-17                        [8, 16, 1258]             --
    MaxPool1d: 2-18                   [8, 16, 1256]             --
    Conv1d: 2-19                      [8, 4, 1254]              324
    Tanh: 2-20                        [8, 4, 1254]              --
    MaxPool1d: 2-21                   [8, 4, 1252]              --
    Flatten: 2-22                     [8, 5008]                 --
    Linear: 2-23                      [8, 1]                    5,009
==========================================================================================
Total params: 13,956,197
Trainable params: 13,956,197
Non-trainable params: 0
Total mult-adds (G): 142.05
==========================================================================================
Input size (MB): 0.04
Forward/backward pass size (MB): 325.31
Params size (MB): 55.82
Estimated Total Size (MB): 381.17
==========================================================================================
