WARNING: If you use conda to create environments, your home directory may fill up. Please see our documentation at 
 https://www.wiki.ed.ac.uk/display/ResearchServices/Anaconda for advice.
Traceback (most recent call last):
  File "/exports/csce/eddie/inf/groups/ajitha_project/piyush/MHCCBM/MHCCBM/components/TAP/scripts/TrainTAPPredictor_CNN.py", line 142, in <module>
    pd.DataFrame(result_df).to_csv(current_dir+'/results/hyperparameter_tuning_model/CNN/'+config_dict['name']+'.csv')
  File "/exports/csce/eddie/inf/groups/ajitha_project/piyush/.conda/envs/MHCex38/lib/python3.8/site-packages/pandas/util/_decorators.py", line 211, in wrapper
    return func(*args, **kwargs)
  File "/exports/csce/eddie/inf/groups/ajitha_project/piyush/.conda/envs/MHCex38/lib/python3.8/site-packages/pandas/core/generic.py", line 3720, in to_csv
    return DataFrameRenderer(formatter).to_csv(
  File "/exports/csce/eddie/inf/groups/ajitha_project/piyush/.conda/envs/MHCex38/lib/python3.8/site-packages/pandas/util/_decorators.py", line 211, in wrapper
    return func(*args, **kwargs)
  File "/exports/csce/eddie/inf/groups/ajitha_project/piyush/.conda/envs/MHCex38/lib/python3.8/site-packages/pandas/io/formats/format.py", line 1189, in to_csv
    csv_formatter.save()
  File "/exports/csce/eddie/inf/groups/ajitha_project/piyush/.conda/envs/MHCex38/lib/python3.8/site-packages/pandas/io/formats/csvs.py", line 241, in save
    with get_handle(
  File "/exports/csce/eddie/inf/groups/ajitha_project/piyush/.conda/envs/MHCex38/lib/python3.8/site-packages/pandas/io/common.py", line 734, in get_handle
    check_parent_directory(str(handle))
  File "/exports/csce/eddie/inf/groups/ajitha_project/piyush/.conda/envs/MHCex38/lib/python3.8/site-packages/pandas/io/common.py", line 597, in check_parent_directory
    raise OSError(rf"Cannot save file into a non-existent directory: '{parent}'")
OSError: Cannot save file into a non-existent directory: '/exports/csce/eddie/inf/groups/ajitha_project/piyush/MHCCBM/MHCCBM/components/TAP/results/hyperparameter_tuning_model/CNN'
WARNING: If you use conda to create environments, your home directory may fill up. Please see our documentation at 
 https://www.wiki.ed.ac.uk/display/ResearchServices/Anaconda for advice.
